c:\users\lenovo\desktop\savemehero-8fa9cd2988438e56f8700663e6f7692bb3bcf017\savemehero\debug\vc141.pdb
c:\users\lenovo\desktop\savemehero-8fa9cd2988438e56f8700663e6f7692bb3bcf017\savemehero\debug\vc141.idb
c:\users\lenovo\desktop\savemehero-8fa9cd2988438e56f8700663e6f7692bb3bcf017\savemehero\debug\scenemanager.obj
c:\test\savemehero\savemehero\debug\vc141.pdb
c:\test\savemehero\savemehero\debug\vc141.idb
c:\test\savemehero\savemehero\debug\scenemanager.obj
c:\users\lenovo\desktop\savemehero-8fa9cd2988438e56f8700663e6f7692bb3bcf017\debug\savemehero.exe
c:\users\lenovo\desktop\savemehero-8fa9cd2988438e56f8700663e6f7692bb3bcf017\debug\savemehero.ilk
c:\users\lenovo\desktop\savemehero-8fa9cd2988438e56f8700663e6f7692bb3bcf017\debug\savemehero.pdb
c:\test\savemehero\debug\savemehero.ilk
c:\test\savemehero\debug\savemehero.exe
c:\test\savemehero\debug\savemehero.pdb
c:\users\lenovo\desktop\savemehero-8fa9cd2988438e56f8700663e6f7692bb3bcf017\savemehero\debug\savemehero.res
c:\test\savemehero\savemehero\debug\savemehero.res
c:\users\lenovo\desktop\savemehero-8fa9cd2988438e56f8700663e6f7692bb3bcf017\debug\savemehero.lib
c:\users\lenovo\desktop\savemehero-8fa9cd2988438e56f8700663e6f7692bb3bcf017\debug\savemehero.exp
c:\test\savemehero\debug\savemehero.lib
c:\test\savemehero\debug\savemehero.exp
c:\test\savemehero\savemehero\debug\main.obj
c:\test\savemehero\savemehero\debug\scenemanager.obj.enc
c:\test\savemehero\savemehero\debug\vc140.idb
c:\test\savemehero\savemehero\debug\vc140.pdb
c:\test\savemehero\savemehero\debug\savemehero.tlog\cl.command.1.tlog
c:\test\savemehero\savemehero\debug\savemehero.tlog\cl.read.1.tlog
c:\test\savemehero\savemehero\debug\savemehero.tlog\cl.write.1.tlog
c:\test\savemehero\savemehero\debug\savemehero.tlog\link.11480.delete.1.tlog
c:\test\savemehero\savemehero\debug\savemehero.tlog\link.11716.delete.1.tlog
c:\test\savemehero\savemehero\debug\savemehero.tlog\link.2216.delete.1.tlog
c:\test\savemehero\savemehero\debug\savemehero.tlog\link.6832.delete.1.tlog
c:\test\savemehero\savemehero\debug\savemehero.tlog\link.command.1.tlog
c:\test\savemehero\savemehero\debug\savemehero.tlog\link.delete.1.tlog
c:\test\savemehero\savemehero\debug\savemehero.tlog\link.read.1.tlog
c:\test\savemehero\savemehero\debug\savemehero.tlog\link.write.1.tlog
c:\test\savemehero\savemehero\debug\savemehero.tlog\rc.command.1.tlog
c:\test\savemehero\savemehero\debug\savemehero.tlog\rc.read.1.tlog
c:\test\savemehero\savemehero\debug\savemehero.tlog\rc.write.1.tlog
c:\test\savemehero\savemehero\debug\savemehero.tlog\savemehero.write.1u.tlog
